<?xml version="1.0" encoding="UTF-8" ?>
<testsuite tests="5" failures="0" name="edu.pitt.dbmi.causal.cmd.CausalCmdApplicationTest" time="1.711" errors="0" skipped="0">
  <properties>
[...]
</properties>
  <testcase classname="edu.pitt.dbmi.causal.cmd.CausalCmdApplicationTest" name="testMain" time="0.534"/>
  <testcase classname="edu.pitt.dbmi.causal.cmd.CausalCmdApplicationTest" name="testMainFgesMb" time="0.075"/>
  <testcase classname="edu.pitt.dbmi.causal.cmd.CausalCmdApplicationTest" name="testMainWithBootstrap" time="1.041"/>
  <testcase classname="edu.pitt.dbmi.causal.cmd.CausalCmdApplicationTest" name="testMainCovariance" time="0.026"/>
  <testcase classname="edu.pitt.dbmi.causal.cmd.CausalCmdApplicationTest" name="testMainWithChooseDagInPattern" time="0.035"/>
</testsuite>